[2025-06-06T07:23:04.853+0000] {taskinstance.py:1979} INFO - Dependencies all met for dep_context=non-requeueable deps ti=<TaskInstance: LR_duration_prediction_training.train_model manual__2025-06-06T07:23:03.118421+00:00 [queued]>
[2025-06-06T07:23:04.862+0000] {taskinstance.py:1979} INFO - Dependencies all met for dep_context=requeueable deps ti=<TaskInstance: LR_duration_prediction_training.train_model manual__2025-06-06T07:23:03.118421+00:00 [queued]>
[2025-06-06T07:23:04.862+0000] {taskinstance.py:2193} INFO - Starting attempt 1 of 1
[2025-06-06T07:23:04.876+0000] {taskinstance.py:2217} INFO - Executing <Task(PythonOperator): train_model> on 2025-06-06 07:23:03.118421+00:00
[2025-06-06T07:23:04.883+0000] {standard_task_runner.py:60} INFO - Started process 290 to run task
[2025-06-06T07:23:04.886+0000] {standard_task_runner.py:87} INFO - Running: ['***', 'tasks', 'run', 'LR_duration_prediction_training', 'train_model', 'manual__2025-06-06T07:23:03.118421+00:00', '--job-id', '20', '--raw', '--subdir', 'DAGS_FOLDER/LR_duration-prediction_dag.py', '--cfg-path', '/tmp/tmpsk17xe9e']
[2025-06-06T07:23:04.887+0000] {standard_task_runner.py:88} INFO - Job 20: Subtask train_model
[2025-06-06T07:23:04.899+0000] {logging_mixin.py:188} WARNING - /home/***/.local/lib/python3.8/site-packages/***/settings.py:194 DeprecationWarning: The sql_alchemy_conn option in [core] has been moved to the sql_alchemy_conn option in [database] - the old setting has been used, but please update your config.
[2025-06-06T07:23:04.929+0000] {task_command.py:423} INFO - Running <TaskInstance: LR_duration_prediction_training.train_model manual__2025-06-06T07:23:03.118421+00:00 [running]> on host 6f12afc0ff9e
[2025-06-06T07:23:05.006+0000] {taskinstance.py:2513} INFO - Exporting env vars: AIRFLOW_CTX_DAG_OWNER='***' AIRFLOW_CTX_DAG_ID='LR_duration_prediction_training' AIRFLOW_CTX_TASK_ID='train_model' AIRFLOW_CTX_EXECUTION_DATE='2025-06-06T07:23:03.118421+00:00' AIRFLOW_CTX_TRY_NUMBER='1' AIRFLOW_CTX_DAG_RUN_ID='manual__2025-06-06T07:23:03.118421+00:00'
[2025-06-06T07:23:06.583+0000] {logging_mixin.py:188} INFO - Loaded records: 72044
[2025-06-06T07:23:06.804+0000] {logging_mixin.py:188} INFO - Records after preparation: 69392
[2025-06-06T07:23:07.424+0000] {logging_mixin.py:188} INFO - Loaded records: 65392
[2025-06-06T07:23:07.612+0000] {logging_mixin.py:188} INFO - Records after preparation: 62979
[2025-06-06T07:23:08.093+0000] {logging_mixin.py:188} WARNING - 2025/06/06 07:23:08 WARNING mlflow.utils.git_utils: Failed to import Git (the Git executable is probably not on your PATH), so Git SHA is not available. Error: Failed to initialize: Bad git executable.
The git executable must be specified in one of the following ways:
    - be included in your $PATH
    - be set via $GIT_PYTHON_GIT_EXECUTABLE
    - explicitly set via git.refresh(<full-path-to-git-executable>)

All git commands will error until this is rectified.

This initial message can be silenced or aggravated in the future by setting the
$GIT_PYTHON_REFRESH environment variable. Use one of the following values:
    - quiet|q|silence|s|silent|none|n|0: for no message or exception
    - warn|w|warning|log|l|1: for a warning message (logging level CRITICAL, displayed by default)
    - error|e|exception|raise|r|2: for a raised exception

Example:
    export GIT_PYTHON_REFRESH=quiet
[2025-06-06T07:23:08.185+0000] {logging_mixin.py:188} INFO - Model intercept: 22.91
[2025-06-06T07:23:08.595+0000] {logging_mixin.py:188} INFO - MLflow Tracking URI: http://mlflow:5000
[2025-06-06T07:23:08.915+0000] {logging_mixin.py:188} INFO - MLflow Artifact URI (before logging artifact): /opt/***/mlruns/3/3678969eb0ef40649749307c18819e50/artifacts
[2025-06-06T07:23:10.859+0000] {logging_mixin.py:188} WARNING - 2025/06/06 07:23:10 WARNING mlflow.models.model: Model logged without a signature and input example. Please set `input_example` parameter when logging the model to auto infer the model signature.
[2025-06-06T07:23:11.179+0000] {logging_mixin.py:188} WARNING - 2025/06/06 07:23:11 INFO mlflow.tracking._tracking_service.client: 🏃 View run efficient-lark-262 at: http://mlflow:5000/#/experiments/3/runs/3678969eb0ef40649749307c18819e50.
[2025-06-06T07:23:11.180+0000] {logging_mixin.py:188} WARNING - 2025/06/06 07:23:11 INFO mlflow.tracking._tracking_service.client: 🧪 View experiment at: http://mlflow:5000/#/experiments/3.
[2025-06-06T07:23:11.198+0000] {logging_mixin.py:188} INFO - Model trained and logged with run_id: 3678969eb0ef40649749307c18819e50
[2025-06-06T07:23:11.207+0000] {python.py:202} INFO - Done. Returned value was: None
[2025-06-06T07:23:11.217+0000] {taskinstance.py:1149} INFO - Marking task as SUCCESS. dag_id=LR_duration_prediction_training, task_id=train_model, execution_date=20250606T072303, start_date=20250606T072304, end_date=20250606T072311
[2025-06-06T07:23:11.277+0000] {local_task_job_runner.py:234} INFO - Task exited with return code 0
[2025-06-06T07:23:11.291+0000] {taskinstance.py:3312} INFO - 0 downstream tasks scheduled from follow-on schedule check
