[2025-06-06T06:08:40.265+0000] {taskinstance.py:1979} INFO - Dependencies all met for dep_context=non-requeueable deps ti=<TaskInstance: LR_duration_prediction_training.train_model manual__2025-06-06T06:08:38.559075+00:00 [queued]>
[2025-06-06T06:08:40.270+0000] {taskinstance.py:1979} INFO - Dependencies all met for dep_context=requeueable deps ti=<TaskInstance: LR_duration_prediction_training.train_model manual__2025-06-06T06:08:38.559075+00:00 [queued]>
[2025-06-06T06:08:40.270+0000] {taskinstance.py:2193} INFO - Starting attempt 1 of 1
[2025-06-06T06:08:40.280+0000] {taskinstance.py:2217} INFO - Executing <Task(PythonOperator): train_model> on 2025-06-06 06:08:38.559075+00:00
[2025-06-06T06:08:40.287+0000] {standard_task_runner.py:60} INFO - Started process 947 to run task
[2025-06-06T06:08:40.290+0000] {standard_task_runner.py:87} INFO - Running: ['***', 'tasks', 'run', 'LR_duration_prediction_training', 'train_model', 'manual__2025-06-06T06:08:38.559075+00:00', '--job-id', '13', '--raw', '--subdir', 'DAGS_FOLDER/LR_duration-prediction_dag.py', '--cfg-path', '/tmp/tmpey3zdphk']
[2025-06-06T06:08:40.292+0000] {standard_task_runner.py:88} INFO - Job 13: Subtask train_model
[2025-06-06T06:08:40.304+0000] {logging_mixin.py:188} WARNING - /home/***/.local/lib/python3.8/site-packages/***/settings.py:194 DeprecationWarning: The sql_alchemy_conn option in [core] has been moved to the sql_alchemy_conn option in [database] - the old setting has been used, but please update your config.
[2025-06-06T06:08:40.333+0000] {task_command.py:423} INFO - Running <TaskInstance: LR_duration_prediction_training.train_model manual__2025-06-06T06:08:38.559075+00:00 [running]> on host d1e68875bc3a
[2025-06-06T06:08:40.408+0000] {taskinstance.py:2513} INFO - Exporting env vars: AIRFLOW_CTX_DAG_OWNER='***' AIRFLOW_CTX_DAG_ID='LR_duration_prediction_training' AIRFLOW_CTX_TASK_ID='train_model' AIRFLOW_CTX_EXECUTION_DATE='2025-06-06T06:08:38.559075+00:00' AIRFLOW_CTX_TRY_NUMBER='1' AIRFLOW_CTX_DAG_RUN_ID='manual__2025-06-06T06:08:38.559075+00:00'
[2025-06-06T06:09:01.237+0000] {logging_mixin.py:188} INFO - Loaded records: 3403766
[2025-06-06T06:09:07.284+0000] {logging_mixin.py:188} INFO - Records after preparation: 3316216
[2025-06-06T06:09:26.903+0000] {logging_mixin.py:188} INFO - Loaded records: 3288250
[2025-06-06T06:09:32.483+0000] {logging_mixin.py:188} INFO - Records after preparation: 3199715
[2025-06-06T06:09:49.445+0000] {logging_mixin.py:188} WARNING - 2025/06/06 06:09:49 WARNING mlflow.utils.git_utils: Failed to import Git (the Git executable is probably not on your PATH), so Git SHA is not available. Error: Failed to initialize: Bad git executable.
The git executable must be specified in one of the following ways:
    - be included in your $PATH
    - be set via $GIT_PYTHON_GIT_EXECUTABLE
    - explicitly set via git.refresh(<full-path-to-git-executable>)

All git commands will error until this is rectified.

This initial message can be silenced or aggravated in the future by setting the
$GIT_PYTHON_REFRESH environment variable. Use one of the following values:
    - quiet|q|silence|s|silent|none|n|0: for no message or exception
    - warn|w|warning|log|l|1: for a warning message (logging level CRITICAL, displayed by default)
    - error|e|exception|raise|r|2: for a raised exception

Example:
    export GIT_PYTHON_REFRESH=quiet
[2025-06-06T06:09:53.535+0000] {logging_mixin.py:188} INFO - Model intercept: 23.85
[2025-06-06T06:09:53.593+0000] {logging_mixin.py:188} INFO - MLflow Tracking URI: http://mlflow:5000
[2025-06-06T06:09:53.604+0000] {logging_mixin.py:188} INFO - MLflow Artifact URI (before logging artifact): /opt/***/mlruns/2/f5bb30880e7645eabc0f9a058d69d6ef/artifacts
[2025-06-06T06:09:54.804+0000] {logging_mixin.py:188} WARNING - 2025/06/06 06:09:54 WARNING mlflow.models.model: Model logged without a signature and input example. Please set `input_example` parameter when logging the model to auto infer the model signature.
[2025-06-06T06:09:54.827+0000] {logging_mixin.py:188} WARNING - 2025/06/06 06:09:54 INFO mlflow.tracking._tracking_service.client: 🏃 View run flawless-stoat-515 at: http://mlflow:5000/#/experiments/2/runs/f5bb30880e7645eabc0f9a058d69d6ef.
[2025-06-06T06:09:54.827+0000] {logging_mixin.py:188} WARNING - 2025/06/06 06:09:54 INFO mlflow.tracking._tracking_service.client: 🧪 View experiment at: http://mlflow:5000/#/experiments/2.
[2025-06-06T06:09:54.837+0000] {logging_mixin.py:188} INFO - Model trained and logged with run_id: f5bb30880e7645eabc0f9a058d69d6ef
[2025-06-06T06:09:55.015+0000] {python.py:202} INFO - Done. Returned value was: None
[2025-06-06T06:09:55.024+0000] {taskinstance.py:1149} INFO - Marking task as SUCCESS. dag_id=LR_duration_prediction_training, task_id=train_model, execution_date=20250606T060838, start_date=20250606T060840, end_date=20250606T060955
[2025-06-06T06:09:55.072+0000] {local_task_job_runner.py:234} INFO - Task exited with return code 0
[2025-06-06T06:09:55.085+0000] {taskinstance.py:3312} INFO - 0 downstream tasks scheduled from follow-on schedule check
