[2025-06-05T18:17:05.424+0000] {processor.py:161} INFO - Started process (PID=930) to work on /opt/airflow/dags/duration-prediction_dag_xgboost.py
[2025-06-05T18:17:05.424+0000] {processor.py:830} INFO - Processing file /opt/airflow/dags/duration-prediction_dag_xgboost.py for tasks to queue
[2025-06-05T18:17:05.425+0000] {logging_mixin.py:188} INFO - [2025-06-05T18:17:05.425+0000] {dagbag.py:540} INFO - Filling up the DagBag from /opt/airflow/dags/duration-prediction_dag_xgboost.py
[2025-06-05T18:17:06.318+0000] {processor.py:840} INFO - DAG(s) 'duration_prediction_training' retrieved from /opt/airflow/dags/duration-prediction_dag_xgboost.py
[2025-06-05T18:17:06.327+0000] {logging_mixin.py:188} INFO - [2025-06-05T18:17:06.327+0000] {dag.py:3047} INFO - Sync 1 DAGs
[2025-06-05T18:17:06.335+0000] {logging_mixin.py:188} INFO - [2025-06-05T18:17:06.335+0000] {dag.py:3834} INFO - Setting next_dagrun for duration_prediction_training to None, run_after=None
[2025-06-05T18:17:06.349+0000] {processor.py:183} INFO - Processing /opt/airflow/dags/duration-prediction_dag_xgboost.py took 0.929 seconds
[2025-06-05T18:17:36.644+0000] {processor.py:161} INFO - Started process (PID=955) to work on /opt/airflow/dags/duration-prediction_dag_xgboost.py
[2025-06-05T18:17:36.647+0000] {processor.py:830} INFO - Processing file /opt/airflow/dags/duration-prediction_dag_xgboost.py for tasks to queue
[2025-06-05T18:17:36.648+0000] {logging_mixin.py:188} INFO - [2025-06-05T18:17:36.648+0000] {dagbag.py:540} INFO - Filling up the DagBag from /opt/airflow/dags/duration-prediction_dag_xgboost.py
[2025-06-05T18:17:39.974+0000] {processor.py:840} INFO - DAG(s) 'duration_prediction_training' retrieved from /opt/airflow/dags/duration-prediction_dag_xgboost.py
[2025-06-05T18:17:40.260+0000] {logging_mixin.py:188} INFO - [2025-06-05T18:17:40.259+0000] {dag.py:3047} INFO - Sync 1 DAGs
[2025-06-05T18:17:40.271+0000] {logging_mixin.py:188} INFO - [2025-06-05T18:17:40.271+0000] {dag.py:3834} INFO - Setting next_dagrun for duration_prediction_training to None, run_after=None
[2025-06-05T18:17:40.293+0000] {processor.py:183} INFO - Processing /opt/airflow/dags/duration-prediction_dag_xgboost.py took 3.661 seconds
[2025-06-05T18:18:10.462+0000] {processor.py:161} INFO - Started process (PID=977) to work on /opt/airflow/dags/duration-prediction_dag_xgboost.py
[2025-06-05T18:18:10.463+0000] {processor.py:830} INFO - Processing file /opt/airflow/dags/duration-prediction_dag_xgboost.py for tasks to queue
[2025-06-05T18:18:10.465+0000] {logging_mixin.py:188} INFO - [2025-06-05T18:18:10.464+0000] {dagbag.py:540} INFO - Filling up the DagBag from /opt/airflow/dags/duration-prediction_dag_xgboost.py
[2025-06-05T18:18:11.290+0000] {processor.py:840} INFO - DAG(s) 'duration_prediction_training' retrieved from /opt/airflow/dags/duration-prediction_dag_xgboost.py
[2025-06-05T18:18:11.306+0000] {logging_mixin.py:188} INFO - [2025-06-05T18:18:11.306+0000] {dag.py:3047} INFO - Sync 1 DAGs
[2025-06-05T18:18:11.314+0000] {logging_mixin.py:188} INFO - [2025-06-05T18:18:11.313+0000] {dag.py:3834} INFO - Setting next_dagrun for duration_prediction_training to None, run_after=None
[2025-06-05T18:18:11.327+0000] {processor.py:183} INFO - Processing /opt/airflow/dags/duration-prediction_dag_xgboost.py took 0.869 seconds
[2025-06-05T18:18:42.068+0000] {processor.py:161} INFO - Started process (PID=991) to work on /opt/airflow/dags/duration-prediction_dag_xgboost.py
[2025-06-05T18:18:42.069+0000] {processor.py:830} INFO - Processing file /opt/airflow/dags/duration-prediction_dag_xgboost.py for tasks to queue
[2025-06-05T18:18:42.070+0000] {logging_mixin.py:188} INFO - [2025-06-05T18:18:42.070+0000] {dagbag.py:540} INFO - Filling up the DagBag from /opt/airflow/dags/duration-prediction_dag_xgboost.py
[2025-06-05T18:18:42.949+0000] {processor.py:840} INFO - DAG(s) 'duration_prediction_training' retrieved from /opt/airflow/dags/duration-prediction_dag_xgboost.py
[2025-06-05T18:18:42.957+0000] {logging_mixin.py:188} INFO - [2025-06-05T18:18:42.957+0000] {dag.py:3047} INFO - Sync 1 DAGs
[2025-06-05T18:18:42.966+0000] {logging_mixin.py:188} INFO - [2025-06-05T18:18:42.966+0000] {dag.py:3834} INFO - Setting next_dagrun for duration_prediction_training to None, run_after=None
[2025-06-05T18:18:42.978+0000] {processor.py:183} INFO - Processing /opt/airflow/dags/duration-prediction_dag_xgboost.py took 0.912 seconds
[2025-06-05T18:19:13.341+0000] {processor.py:161} INFO - Started process (PID=1005) to work on /opt/airflow/dags/duration-prediction_dag_xgboost.py
[2025-06-05T18:19:13.342+0000] {processor.py:830} INFO - Processing file /opt/airflow/dags/duration-prediction_dag_xgboost.py for tasks to queue
[2025-06-05T18:19:13.343+0000] {logging_mixin.py:188} INFO - [2025-06-05T18:19:13.342+0000] {dagbag.py:540} INFO - Filling up the DagBag from /opt/airflow/dags/duration-prediction_dag_xgboost.py
[2025-06-05T18:19:14.382+0000] {processor.py:840} INFO - DAG(s) 'duration_prediction_training' retrieved from /opt/airflow/dags/duration-prediction_dag_xgboost.py
[2025-06-05T18:19:14.566+0000] {logging_mixin.py:188} INFO - [2025-06-05T18:19:14.565+0000] {dag.py:3047} INFO - Sync 1 DAGs
[2025-06-05T18:19:14.573+0000] {logging_mixin.py:188} INFO - [2025-06-05T18:19:14.573+0000] {dag.py:3834} INFO - Setting next_dagrun for duration_prediction_training to None, run_after=None
[2025-06-05T18:19:14.587+0000] {processor.py:183} INFO - Processing /opt/airflow/dags/duration-prediction_dag_xgboost.py took 1.249 seconds
[2025-06-05T18:19:45.467+0000] {processor.py:161} INFO - Started process (PID=1019) to work on /opt/airflow/dags/duration-prediction_dag_xgboost.py
[2025-06-05T18:19:45.468+0000] {processor.py:830} INFO - Processing file /opt/airflow/dags/duration-prediction_dag_xgboost.py for tasks to queue
[2025-06-05T18:19:45.469+0000] {logging_mixin.py:188} INFO - [2025-06-05T18:19:45.469+0000] {dagbag.py:540} INFO - Filling up the DagBag from /opt/airflow/dags/duration-prediction_dag_xgboost.py
[2025-06-05T18:19:46.272+0000] {processor.py:840} INFO - DAG(s) 'duration_prediction_training' retrieved from /opt/airflow/dags/duration-prediction_dag_xgboost.py
[2025-06-05T18:19:46.289+0000] {logging_mixin.py:188} INFO - [2025-06-05T18:19:46.288+0000] {dag.py:3047} INFO - Sync 1 DAGs
[2025-06-05T18:19:46.296+0000] {logging_mixin.py:188} INFO - [2025-06-05T18:19:46.296+0000] {dag.py:3834} INFO - Setting next_dagrun for duration_prediction_training to None, run_after=None
[2025-06-05T18:19:46.309+0000] {processor.py:183} INFO - Processing /opt/airflow/dags/duration-prediction_dag_xgboost.py took 0.844 seconds
[2025-06-05T18:20:16.690+0000] {processor.py:161} INFO - Started process (PID=1033) to work on /opt/airflow/dags/duration-prediction_dag_xgboost.py
[2025-06-05T18:20:16.690+0000] {processor.py:830} INFO - Processing file /opt/airflow/dags/duration-prediction_dag_xgboost.py for tasks to queue
[2025-06-05T18:20:16.691+0000] {logging_mixin.py:188} INFO - [2025-06-05T18:20:16.691+0000] {dagbag.py:540} INFO - Filling up the DagBag from /opt/airflow/dags/duration-prediction_dag_xgboost.py
[2025-06-05T18:20:17.541+0000] {processor.py:840} INFO - DAG(s) 'duration_prediction_training' retrieved from /opt/airflow/dags/duration-prediction_dag_xgboost.py
[2025-06-05T18:20:17.550+0000] {logging_mixin.py:188} INFO - [2025-06-05T18:20:17.550+0000] {dag.py:3047} INFO - Sync 1 DAGs
[2025-06-05T18:20:17.558+0000] {logging_mixin.py:188} INFO - [2025-06-05T18:20:17.558+0000] {dag.py:3834} INFO - Setting next_dagrun for duration_prediction_training to None, run_after=None
[2025-06-05T18:20:17.570+0000] {processor.py:183} INFO - Processing /opt/airflow/dags/duration-prediction_dag_xgboost.py took 0.883 seconds
[2025-06-05T18:20:48.091+0000] {processor.py:161} INFO - Started process (PID=1047) to work on /opt/airflow/dags/duration-prediction_dag_xgboost.py
[2025-06-05T18:20:48.092+0000] {processor.py:830} INFO - Processing file /opt/airflow/dags/duration-prediction_dag_xgboost.py for tasks to queue
[2025-06-05T18:20:48.093+0000] {logging_mixin.py:188} INFO - [2025-06-05T18:20:48.093+0000] {dagbag.py:540} INFO - Filling up the DagBag from /opt/airflow/dags/duration-prediction_dag_xgboost.py
[2025-06-05T18:20:48.906+0000] {processor.py:840} INFO - DAG(s) 'duration_prediction_training' retrieved from /opt/airflow/dags/duration-prediction_dag_xgboost.py
[2025-06-05T18:20:49.106+0000] {logging_mixin.py:188} INFO - [2025-06-05T18:20:49.106+0000] {dag.py:3047} INFO - Sync 1 DAGs
[2025-06-05T18:20:49.118+0000] {logging_mixin.py:188} INFO - [2025-06-05T18:20:49.117+0000] {dag.py:3834} INFO - Setting next_dagrun for duration_prediction_training to None, run_after=None
[2025-06-05T18:20:49.136+0000] {processor.py:183} INFO - Processing /opt/airflow/dags/duration-prediction_dag_xgboost.py took 1.047 seconds
[2025-06-05T18:21:19.247+0000] {processor.py:161} INFO - Started process (PID=1061) to work on /opt/airflow/dags/duration-prediction_dag_xgboost.py
[2025-06-05T18:21:19.248+0000] {processor.py:830} INFO - Processing file /opt/airflow/dags/duration-prediction_dag_xgboost.py for tasks to queue
[2025-06-05T18:21:19.249+0000] {logging_mixin.py:188} INFO - [2025-06-05T18:21:19.249+0000] {dagbag.py:540} INFO - Filling up the DagBag from /opt/airflow/dags/duration-prediction_dag_xgboost.py
[2025-06-05T18:21:20.132+0000] {processor.py:840} INFO - DAG(s) 'duration_prediction_training' retrieved from /opt/airflow/dags/duration-prediction_dag_xgboost.py
[2025-06-05T18:21:20.148+0000] {logging_mixin.py:188} INFO - [2025-06-05T18:21:20.148+0000] {dag.py:3047} INFO - Sync 1 DAGs
[2025-06-05T18:21:20.156+0000] {logging_mixin.py:188} INFO - [2025-06-05T18:21:20.156+0000] {dag.py:3834} INFO - Setting next_dagrun for duration_prediction_training to None, run_after=None
[2025-06-05T18:21:20.168+0000] {processor.py:183} INFO - Processing /opt/airflow/dags/duration-prediction_dag_xgboost.py took 0.923 seconds
[2025-06-05T18:21:50.296+0000] {processor.py:161} INFO - Started process (PID=1075) to work on /opt/airflow/dags/duration-prediction_dag_xgboost.py
[2025-06-05T18:21:50.296+0000] {processor.py:830} INFO - Processing file /opt/airflow/dags/duration-prediction_dag_xgboost.py for tasks to queue
[2025-06-05T18:21:50.297+0000] {logging_mixin.py:188} INFO - [2025-06-05T18:21:50.297+0000] {dagbag.py:540} INFO - Filling up the DagBag from /opt/airflow/dags/duration-prediction_dag_xgboost.py
[2025-06-05T18:21:51.106+0000] {processor.py:840} INFO - DAG(s) 'duration_prediction_training' retrieved from /opt/airflow/dags/duration-prediction_dag_xgboost.py
[2025-06-05T18:21:51.115+0000] {logging_mixin.py:188} INFO - [2025-06-05T18:21:51.115+0000] {dag.py:3047} INFO - Sync 1 DAGs
[2025-06-05T18:21:51.127+0000] {logging_mixin.py:188} INFO - [2025-06-05T18:21:51.127+0000] {dag.py:3834} INFO - Setting next_dagrun for duration_prediction_training to None, run_after=None
[2025-06-05T18:21:51.141+0000] {processor.py:183} INFO - Processing /opt/airflow/dags/duration-prediction_dag_xgboost.py took 0.848 seconds
[2025-06-05T18:24:31.231+0000] {processor.py:161} INFO - Started process (PID=204) to work on /opt/airflow/dags/duration-prediction_dag_xgboost.py
[2025-06-05T18:24:31.244+0000] {processor.py:830} INFO - Processing file /opt/airflow/dags/duration-prediction_dag_xgboost.py for tasks to queue
[2025-06-05T18:24:31.246+0000] {logging_mixin.py:188} INFO - [2025-06-05T18:24:31.245+0000] {dagbag.py:540} INFO - Filling up the DagBag from /opt/airflow/dags/duration-prediction_dag_xgboost.py
[2025-06-05T18:24:34.852+0000] {processor.py:840} INFO - DAG(s) 'duration_prediction_training' retrieved from /opt/airflow/dags/duration-prediction_dag_xgboost.py
[2025-06-05T18:24:35.250+0000] {logging_mixin.py:188} INFO - [2025-06-05T18:24:35.248+0000] {dag.py:3047} INFO - Sync 1 DAGs
[2025-06-05T18:24:35.267+0000] {logging_mixin.py:188} INFO - [2025-06-05T18:24:35.267+0000] {dag.py:3834} INFO - Setting next_dagrun for duration_prediction_training to None, run_after=None
[2025-06-05T18:24:35.764+0000] {logging_mixin.py:188} INFO - [2025-06-05T18:24:35.757+0000] {dagbag.py:649} ERROR - Failed to write serialized DAG: /opt/airflow/dags/duration-prediction_dag_xgboost.py
Traceback (most recent call last):
  File "/home/airflow/.local/lib/python3.8/site-packages/airflow/models/dagbag.py", line 637, in _serialize_dag_capturing_errors
    dag_was_updated = SerializedDagModel.write_dag(
  File "/home/airflow/.local/lib/python3.8/site-packages/airflow/utils/session.py", line 76, in wrapper
    return func(*args, **kwargs)
  File "/home/airflow/.local/lib/python3.8/site-packages/airflow/models/serialized_dag.py", line 157, in write_dag
    if session.scalar(
  File "/home/airflow/.local/lib/python3.8/site-packages/sqlalchemy/orm/session.py", line 1747, in scalar
    return self.execute(
  File "/home/airflow/.local/lib/python3.8/site-packages/sqlalchemy/orm/session.py", line 1716, in execute
    conn = self._connection_for_bind(bind)
  File "/home/airflow/.local/lib/python3.8/site-packages/sqlalchemy/orm/session.py", line 1555, in _connection_for_bind
    return self._transaction._connection_for_bind(
  File "/home/airflow/.local/lib/python3.8/site-packages/sqlalchemy/orm/session.py", line 724, in _connection_for_bind
    self._assert_active()
  File "/home/airflow/.local/lib/python3.8/site-packages/sqlalchemy/orm/session.py", line 604, in _assert_active
    raise sa_exc.PendingRollbackError(
sqlalchemy.exc.PendingRollbackError: This Session's transaction has been rolled back due to a previous exception during flush. To begin a new transaction with this Session, first issue Session.rollback(). Original exception was: (psycopg2.errors.UniqueViolation) duplicate key value violates unique constraint "serialized_dag_pkey"
DETAIL:  Key (dag_id)=(duration_prediction_training) already exists.

[SQL: INSERT INTO serialized_dag (dag_id, fileloc, fileloc_hash, data, data_compressed, last_updated, dag_hash, processor_subdir) VALUES (%(dag_id)s, %(fileloc)s, %(fileloc_hash)s, %(data)s, %(data_compressed)s, %(last_updated)s, %(dag_hash)s, %(processor_subdir)s)]
[parameters: {'dag_id': 'duration_prediction_training', 'fileloc': '/opt/airflow/dags/duration-prediction_dag_xgboost.py', 'fileloc_hash': 64581864189653861, 'data': '{"__version": 1, "dag": {"default_args": {"__var": {"owner": "airflow", "start_date": {"__var": 1704067200.0, "__type": "datetime"}}, "__type": "dict ... (1085 characters truncated) ... le": "airflow.operators.python", "_is_empty": false, "op_args": [], "op_kwargs": {"year": 2023, "month": 3}}], "dag_dependencies": [], "params": {}}}', 'data_compressed': None, 'last_updated': datetime.datetime(2025, 6, 5, 18, 24, 34, 903524, tzinfo=Timezone('UTC')), 'dag_hash': '89d7b39e7b80d45a055c1f55b570d1a5', 'processor_subdir': '/opt/airflow/dags'}]
(Background on this error at: https://sqlalche.me/e/14/gkpj) (Background on this error at: https://sqlalche.me/e/14/7s2a)
[2025-06-05T18:24:35.764+0000] {logging_mixin.py:188} INFO - [2025-06-05T18:24:35.764+0000] {dag.py:3047} INFO - Sync 1 DAGs
[2025-06-05T18:24:35.765+0000] {processor.py:186} ERROR - Got an exception! Propagating...
Traceback (most recent call last):
  File "/home/airflow/.local/lib/python3.8/site-packages/airflow/dag_processing/processor.py", line 182, in _run_file_processor
    _handle_dag_file_processing()
  File "/home/airflow/.local/lib/python3.8/site-packages/airflow/dag_processing/processor.py", line 163, in _handle_dag_file_processing
    result: tuple[int, int] = dag_file_processor.process_file(
  File "/home/airflow/.local/lib/python3.8/site-packages/airflow/utils/session.py", line 79, in wrapper
    return func(*args, session=session, **kwargs)
  File "/home/airflow/.local/lib/python3.8/site-packages/airflow/dag_processing/processor.py", line 859, in process_file
    serialize_errors = DagFileProcessor.save_dag_to_db(
  File "/home/airflow/.local/lib/python3.8/site-packages/airflow/api_internal/internal_api_call.py", line 114, in wrapper
    return func(*args, **kwargs)
  File "/home/airflow/.local/lib/python3.8/site-packages/airflow/utils/session.py", line 79, in wrapper
    return func(*args, session=session, **kwargs)
  File "/home/airflow/.local/lib/python3.8/site-packages/airflow/dag_processing/processor.py", line 895, in save_dag_to_db
    import_errors = DagBag._sync_to_db(dags=dags, processor_subdir=dag_directory, session=session)
  File "/home/airflow/.local/lib/python3.8/site-packages/airflow/utils/session.py", line 76, in wrapper
    return func(*args, **kwargs)
  File "/home/airflow/.local/lib/python3.8/site-packages/airflow/models/dagbag.py", line 659, in _sync_to_db
    for attempt in run_with_db_retries(logger=log):
  File "/home/airflow/.local/lib/python3.8/site-packages/tenacity/__init__.py", line 347, in __iter__
    do = self.iter(retry_state=retry_state)
  File "/home/airflow/.local/lib/python3.8/site-packages/tenacity/__init__.py", line 314, in iter
    return fut.result()
  File "/usr/local/lib/python3.8/concurrent/futures/_base.py", line 437, in result
    return self.__get_result()
  File "/usr/local/lib/python3.8/concurrent/futures/_base.py", line 389, in __get_result
    raise self._exception
  File "/home/airflow/.local/lib/python3.8/site-packages/airflow/models/dagbag.py", line 675, in _sync_to_db
    DAG.bulk_write_to_db(dags.values(), processor_subdir=processor_subdir, session=session)
  File "/home/airflow/.local/lib/python3.8/site-packages/airflow/utils/session.py", line 76, in wrapper
    return func(*args, **kwargs)
  File "/home/airflow/.local/lib/python3.8/site-packages/airflow/models/dag.py", line 3059, in bulk_write_to_db
    orm_dags: list[DagModel] = session.scalars(query).unique().all()
  File "/home/airflow/.local/lib/python3.8/site-packages/sqlalchemy/orm/session.py", line 1778, in scalars
    return self.execute(
  File "/home/airflow/.local/lib/python3.8/site-packages/sqlalchemy/orm/session.py", line 1716, in execute
    conn = self._connection_for_bind(bind)
  File "/home/airflow/.local/lib/python3.8/site-packages/sqlalchemy/orm/session.py", line 1555, in _connection_for_bind
    return self._transaction._connection_for_bind(
  File "/home/airflow/.local/lib/python3.8/site-packages/sqlalchemy/orm/session.py", line 724, in _connection_for_bind
    self._assert_active()
  File "/home/airflow/.local/lib/python3.8/site-packages/sqlalchemy/orm/session.py", line 604, in _assert_active
    raise sa_exc.PendingRollbackError(
sqlalchemy.exc.PendingRollbackError: This Session's transaction has been rolled back due to a previous exception during flush. To begin a new transaction with this Session, first issue Session.rollback(). Original exception was: (psycopg2.errors.UniqueViolation) duplicate key value violates unique constraint "serialized_dag_pkey"
DETAIL:  Key (dag_id)=(duration_prediction_training) already exists.

[SQL: INSERT INTO serialized_dag (dag_id, fileloc, fileloc_hash, data, data_compressed, last_updated, dag_hash, processor_subdir) VALUES (%(dag_id)s, %(fileloc)s, %(fileloc_hash)s, %(data)s, %(data_compressed)s, %(last_updated)s, %(dag_hash)s, %(processor_subdir)s)]
[parameters: {'dag_id': 'duration_prediction_training', 'fileloc': '/opt/airflow/dags/duration-prediction_dag_xgboost.py', 'fileloc_hash': 64581864189653861, 'data': '{"__version": 1, "dag": {"default_args": {"__var": {"owner": "airflow", "start_date": {"__var": 1704067200.0, "__type": "datetime"}}, "__type": "dict ... (1085 characters truncated) ... le": "airflow.operators.python", "_is_empty": false, "op_args": [], "op_kwargs": {"year": 2023, "month": 3}}], "dag_dependencies": [], "params": {}}}', 'data_compressed': None, 'last_updated': datetime.datetime(2025, 6, 5, 18, 24, 34, 903524, tzinfo=Timezone('UTC')), 'dag_hash': '89d7b39e7b80d45a055c1f55b570d1a5', 'processor_subdir': '/opt/airflow/dags'}]
(Background on this error at: https://sqlalche.me/e/14/gkpj) (Background on this error at: https://sqlalche.me/e/14/7s2a)
[2025-06-05T18:25:05.964+0000] {processor.py:161} INFO - Started process (PID=227) to work on /opt/airflow/dags/duration-prediction_dag_xgboost.py
[2025-06-05T18:25:05.968+0000] {processor.py:830} INFO - Processing file /opt/airflow/dags/duration-prediction_dag_xgboost.py for tasks to queue
[2025-06-05T18:25:05.970+0000] {logging_mixin.py:188} INFO - [2025-06-05T18:25:05.969+0000] {dagbag.py:540} INFO - Filling up the DagBag from /opt/airflow/dags/duration-prediction_dag_xgboost.py
[2025-06-05T18:25:08.437+0000] {processor.py:840} INFO - DAG(s) 'duration_prediction_training' retrieved from /opt/airflow/dags/duration-prediction_dag_xgboost.py
[2025-06-05T18:25:08.580+0000] {logging_mixin.py:188} INFO - [2025-06-05T18:25:08.579+0000] {dag.py:3047} INFO - Sync 1 DAGs
[2025-06-05T18:25:08.587+0000] {logging_mixin.py:188} INFO - [2025-06-05T18:25:08.587+0000] {dag.py:3834} INFO - Setting next_dagrun for duration_prediction_training to None, run_after=None
[2025-06-05T18:25:08.603+0000] {processor.py:183} INFO - Processing /opt/airflow/dags/duration-prediction_dag_xgboost.py took 2.647 seconds
[2025-06-05T18:25:38.683+0000] {processor.py:161} INFO - Started process (PID=240) to work on /opt/airflow/dags/duration-prediction_dag_xgboost.py
[2025-06-05T18:25:38.685+0000] {processor.py:830} INFO - Processing file /opt/airflow/dags/duration-prediction_dag_xgboost.py for tasks to queue
[2025-06-05T18:25:38.686+0000] {logging_mixin.py:188} INFO - [2025-06-05T18:25:38.685+0000] {dagbag.py:540} INFO - Filling up the DagBag from /opt/airflow/dags/duration-prediction_dag_xgboost.py
[2025-06-05T18:25:40.052+0000] {processor.py:840} INFO - DAG(s) 'duration_prediction_training' retrieved from /opt/airflow/dags/duration-prediction_dag_xgboost.py
[2025-06-05T18:25:40.076+0000] {logging_mixin.py:188} INFO - [2025-06-05T18:25:40.076+0000] {dag.py:3047} INFO - Sync 1 DAGs
[2025-06-05T18:25:40.088+0000] {logging_mixin.py:188} INFO - [2025-06-05T18:25:40.088+0000] {dag.py:3834} INFO - Setting next_dagrun for duration_prediction_training to None, run_after=None
[2025-06-05T18:25:40.106+0000] {processor.py:183} INFO - Processing /opt/airflow/dags/duration-prediction_dag_xgboost.py took 1.426 seconds
[2025-06-05T18:26:10.293+0000] {processor.py:161} INFO - Started process (PID=254) to work on /opt/airflow/dags/duration-prediction_dag_xgboost.py
[2025-06-05T18:26:10.298+0000] {processor.py:830} INFO - Processing file /opt/airflow/dags/duration-prediction_dag_xgboost.py for tasks to queue
[2025-06-05T18:26:10.301+0000] {logging_mixin.py:188} INFO - [2025-06-05T18:26:10.298+0000] {dagbag.py:540} INFO - Filling up the DagBag from /opt/airflow/dags/duration-prediction_dag_xgboost.py
[2025-06-05T18:26:11.847+0000] {processor.py:840} INFO - DAG(s) 'duration_prediction_training' retrieved from /opt/airflow/dags/duration-prediction_dag_xgboost.py
[2025-06-05T18:26:11.989+0000] {logging_mixin.py:188} INFO - [2025-06-05T18:26:11.988+0000] {dag.py:3047} INFO - Sync 1 DAGs
[2025-06-05T18:26:12.003+0000] {logging_mixin.py:188} INFO - [2025-06-05T18:26:12.003+0000] {dag.py:3834} INFO - Setting next_dagrun for duration_prediction_training to None, run_after=None
[2025-06-05T18:26:12.025+0000] {processor.py:183} INFO - Processing /opt/airflow/dags/duration-prediction_dag_xgboost.py took 1.745 seconds
[2025-06-05T18:26:42.103+0000] {processor.py:161} INFO - Started process (PID=268) to work on /opt/airflow/dags/duration-prediction_dag_xgboost.py
[2025-06-05T18:26:42.104+0000] {processor.py:830} INFO - Processing file /opt/airflow/dags/duration-prediction_dag_xgboost.py for tasks to queue
[2025-06-05T18:26:42.105+0000] {logging_mixin.py:188} INFO - [2025-06-05T18:26:42.104+0000] {dagbag.py:540} INFO - Filling up the DagBag from /opt/airflow/dags/duration-prediction_dag_xgboost.py
[2025-06-05T18:26:43.814+0000] {processor.py:840} INFO - DAG(s) 'duration_prediction_training' retrieved from /opt/airflow/dags/duration-prediction_dag_xgboost.py
[2025-06-05T18:26:43.837+0000] {logging_mixin.py:188} INFO - [2025-06-05T18:26:43.837+0000] {dag.py:3047} INFO - Sync 1 DAGs
[2025-06-05T18:26:43.851+0000] {logging_mixin.py:188} INFO - [2025-06-05T18:26:43.851+0000] {dag.py:3834} INFO - Setting next_dagrun for duration_prediction_training to None, run_after=None
[2025-06-05T18:26:43.868+0000] {processor.py:183} INFO - Processing /opt/airflow/dags/duration-prediction_dag_xgboost.py took 1.769 seconds
[2025-06-05T18:27:14.032+0000] {processor.py:161} INFO - Started process (PID=282) to work on /opt/airflow/dags/duration-prediction_dag_xgboost.py
[2025-06-05T18:27:14.033+0000] {processor.py:830} INFO - Processing file /opt/airflow/dags/duration-prediction_dag_xgboost.py for tasks to queue
[2025-06-05T18:27:14.034+0000] {logging_mixin.py:188} INFO - [2025-06-05T18:27:14.034+0000] {dagbag.py:540} INFO - Filling up the DagBag from /opt/airflow/dags/duration-prediction_dag_xgboost.py
[2025-06-05T18:27:15.532+0000] {processor.py:840} INFO - DAG(s) 'duration_prediction_training' retrieved from /opt/airflow/dags/duration-prediction_dag_xgboost.py
[2025-06-05T18:27:15.612+0000] {logging_mixin.py:188} INFO - [2025-06-05T18:27:15.611+0000] {dag.py:3047} INFO - Sync 1 DAGs
[2025-06-05T18:27:15.620+0000] {logging_mixin.py:188} INFO - [2025-06-05T18:27:15.620+0000] {dag.py:3834} INFO - Setting next_dagrun for duration_prediction_training to None, run_after=None
[2025-06-05T18:27:15.636+0000] {processor.py:183} INFO - Processing /opt/airflow/dags/duration-prediction_dag_xgboost.py took 1.608 seconds
[2025-06-05T18:27:45.803+0000] {processor.py:161} INFO - Started process (PID=297) to work on /opt/airflow/dags/duration-prediction_dag_xgboost.py
[2025-06-05T18:27:45.805+0000] {processor.py:830} INFO - Processing file /opt/airflow/dags/duration-prediction_dag_xgboost.py for tasks to queue
[2025-06-05T18:27:45.806+0000] {logging_mixin.py:188} INFO - [2025-06-05T18:27:45.806+0000] {dagbag.py:540} INFO - Filling up the DagBag from /opt/airflow/dags/duration-prediction_dag_xgboost.py
[2025-06-05T18:27:47.081+0000] {processor.py:840} INFO - DAG(s) 'duration_prediction_training' retrieved from /opt/airflow/dags/duration-prediction_dag_xgboost.py
[2025-06-05T18:27:47.090+0000] {logging_mixin.py:188} INFO - [2025-06-05T18:27:47.089+0000] {dag.py:3047} INFO - Sync 1 DAGs
[2025-06-05T18:27:47.098+0000] {logging_mixin.py:188} INFO - [2025-06-05T18:27:47.098+0000] {dag.py:3834} INFO - Setting next_dagrun for duration_prediction_training to None, run_after=None
[2025-06-05T18:27:47.110+0000] {processor.py:183} INFO - Processing /opt/airflow/dags/duration-prediction_dag_xgboost.py took 1.313 seconds
[2025-06-05T18:28:17.229+0000] {processor.py:161} INFO - Started process (PID=311) to work on /opt/airflow/dags/duration-prediction_dag_xgboost.py
[2025-06-05T18:28:17.230+0000] {processor.py:830} INFO - Processing file /opt/airflow/dags/duration-prediction_dag_xgboost.py for tasks to queue
[2025-06-05T18:28:17.231+0000] {logging_mixin.py:188} INFO - [2025-06-05T18:28:17.231+0000] {dagbag.py:540} INFO - Filling up the DagBag from /opt/airflow/dags/duration-prediction_dag_xgboost.py
[2025-06-05T18:28:18.719+0000] {processor.py:840} INFO - DAG(s) 'duration_prediction_training' retrieved from /opt/airflow/dags/duration-prediction_dag_xgboost.py
[2025-06-05T18:28:18.793+0000] {logging_mixin.py:188} INFO - [2025-06-05T18:28:18.792+0000] {dag.py:3047} INFO - Sync 1 DAGs
[2025-06-05T18:28:18.801+0000] {logging_mixin.py:188} INFO - [2025-06-05T18:28:18.801+0000] {dag.py:3834} INFO - Setting next_dagrun for duration_prediction_training to None, run_after=None
[2025-06-05T18:28:18.815+0000] {processor.py:183} INFO - Processing /opt/airflow/dags/duration-prediction_dag_xgboost.py took 1.590 seconds
[2025-06-05T18:28:48.942+0000] {processor.py:161} INFO - Started process (PID=325) to work on /opt/airflow/dags/duration-prediction_dag_xgboost.py
[2025-06-05T18:28:48.943+0000] {processor.py:830} INFO - Processing file /opt/airflow/dags/duration-prediction_dag_xgboost.py for tasks to queue
[2025-06-05T18:28:48.945+0000] {logging_mixin.py:188} INFO - [2025-06-05T18:28:48.945+0000] {dagbag.py:540} INFO - Filling up the DagBag from /opt/airflow/dags/duration-prediction_dag_xgboost.py
[2025-06-05T18:28:50.381+0000] {processor.py:840} INFO - DAG(s) 'duration_prediction_training' retrieved from /opt/airflow/dags/duration-prediction_dag_xgboost.py
[2025-06-05T18:28:50.392+0000] {logging_mixin.py:188} INFO - [2025-06-05T18:28:50.392+0000] {dag.py:3047} INFO - Sync 1 DAGs
[2025-06-05T18:28:50.402+0000] {logging_mixin.py:188} INFO - [2025-06-05T18:28:50.402+0000] {dag.py:3834} INFO - Setting next_dagrun for duration_prediction_training to None, run_after=None
[2025-06-05T18:28:50.416+0000] {processor.py:183} INFO - Processing /opt/airflow/dags/duration-prediction_dag_xgboost.py took 1.477 seconds
[2025-06-05T18:29:20.583+0000] {processor.py:161} INFO - Started process (PID=350) to work on /opt/airflow/dags/duration-prediction_dag_xgboost.py
[2025-06-05T18:29:20.584+0000] {processor.py:830} INFO - Processing file /opt/airflow/dags/duration-prediction_dag_xgboost.py for tasks to queue
[2025-06-05T18:29:20.585+0000] {logging_mixin.py:188} INFO - [2025-06-05T18:29:20.585+0000] {dagbag.py:540} INFO - Filling up the DagBag from /opt/airflow/dags/duration-prediction_dag_xgboost.py
[2025-06-05T18:29:22.275+0000] {processor.py:840} INFO - DAG(s) 'duration_prediction_training' retrieved from /opt/airflow/dags/duration-prediction_dag_xgboost.py
[2025-06-05T18:29:22.391+0000] {logging_mixin.py:188} INFO - [2025-06-05T18:29:22.390+0000] {dag.py:3047} INFO - Sync 1 DAGs
[2025-06-05T18:29:22.409+0000] {logging_mixin.py:188} INFO - [2025-06-05T18:29:22.408+0000] {dag.py:3834} INFO - Setting next_dagrun for duration_prediction_training to None, run_after=None
[2025-06-05T18:29:22.435+0000] {processor.py:183} INFO - Processing /opt/airflow/dags/duration-prediction_dag_xgboost.py took 1.854 seconds
[2025-06-05T18:29:52.631+0000] {processor.py:161} INFO - Started process (PID=364) to work on /opt/airflow/dags/duration-prediction_dag_xgboost.py
[2025-06-05T18:29:52.632+0000] {processor.py:830} INFO - Processing file /opt/airflow/dags/duration-prediction_dag_xgboost.py for tasks to queue
[2025-06-05T18:29:52.633+0000] {logging_mixin.py:188} INFO - [2025-06-05T18:29:52.632+0000] {dagbag.py:540} INFO - Filling up the DagBag from /opt/airflow/dags/duration-prediction_dag_xgboost.py
[2025-06-05T18:29:53.451+0000] {processor.py:840} INFO - DAG(s) 'duration_prediction_training' retrieved from /opt/airflow/dags/duration-prediction_dag_xgboost.py
[2025-06-05T18:29:53.467+0000] {logging_mixin.py:188} INFO - [2025-06-05T18:29:53.467+0000] {dag.py:3047} INFO - Sync 1 DAGs
[2025-06-05T18:29:53.475+0000] {logging_mixin.py:188} INFO - [2025-06-05T18:29:53.474+0000] {dag.py:3834} INFO - Setting next_dagrun for duration_prediction_training to None, run_after=None
[2025-06-05T18:29:53.487+0000] {processor.py:183} INFO - Processing /opt/airflow/dags/duration-prediction_dag_xgboost.py took 0.858 seconds
[2025-06-05T18:30:23.619+0000] {processor.py:161} INFO - Started process (PID=378) to work on /opt/airflow/dags/duration-prediction_dag_xgboost.py
[2025-06-05T18:30:23.619+0000] {processor.py:830} INFO - Processing file /opt/airflow/dags/duration-prediction_dag_xgboost.py for tasks to queue
[2025-06-05T18:30:23.620+0000] {logging_mixin.py:188} INFO - [2025-06-05T18:30:23.620+0000] {dagbag.py:540} INFO - Filling up the DagBag from /opt/airflow/dags/duration-prediction_dag_xgboost.py
[2025-06-05T18:30:24.485+0000] {processor.py:840} INFO - DAG(s) 'duration_prediction_training' retrieved from /opt/airflow/dags/duration-prediction_dag_xgboost.py
[2025-06-05T18:30:24.493+0000] {logging_mixin.py:188} INFO - [2025-06-05T18:30:24.493+0000] {dag.py:3047} INFO - Sync 1 DAGs
[2025-06-05T18:30:24.501+0000] {logging_mixin.py:188} INFO - [2025-06-05T18:30:24.501+0000] {dag.py:3834} INFO - Setting next_dagrun for duration_prediction_training to None, run_after=None
[2025-06-05T18:30:24.514+0000] {processor.py:183} INFO - Processing /opt/airflow/dags/duration-prediction_dag_xgboost.py took 0.898 seconds
[2025-06-05T18:30:54.644+0000] {processor.py:161} INFO - Started process (PID=407) to work on /opt/airflow/dags/duration-prediction_dag_xgboost.py
[2025-06-05T18:30:54.649+0000] {processor.py:830} INFO - Processing file /opt/airflow/dags/duration-prediction_dag_xgboost.py for tasks to queue
[2025-06-05T18:30:54.652+0000] {logging_mixin.py:188} INFO - [2025-06-05T18:30:54.651+0000] {dagbag.py:540} INFO - Filling up the DagBag from /opt/airflow/dags/duration-prediction_dag_xgboost.py
[2025-06-05T18:30:57.135+0000] {processor.py:840} INFO - DAG(s) 'duration_prediction_training' retrieved from /opt/airflow/dags/duration-prediction_dag_xgboost.py
[2025-06-05T18:30:57.245+0000] {logging_mixin.py:188} INFO - [2025-06-05T18:30:57.244+0000] {dag.py:3047} INFO - Sync 1 DAGs
[2025-06-05T18:30:57.255+0000] {logging_mixin.py:188} INFO - [2025-06-05T18:30:57.255+0000] {dag.py:3834} INFO - Setting next_dagrun for duration_prediction_training to None, run_after=None
[2025-06-05T18:30:57.275+0000] {processor.py:183} INFO - Processing /opt/airflow/dags/duration-prediction_dag_xgboost.py took 2.636 seconds
[2025-06-05T18:31:27.862+0000] {processor.py:161} INFO - Started process (PID=421) to work on /opt/airflow/dags/duration-prediction_dag_xgboost.py
[2025-06-05T18:31:27.863+0000] {processor.py:830} INFO - Processing file /opt/airflow/dags/duration-prediction_dag_xgboost.py for tasks to queue
[2025-06-05T18:31:27.864+0000] {logging_mixin.py:188} INFO - [2025-06-05T18:31:27.863+0000] {dagbag.py:540} INFO - Filling up the DagBag from /opt/airflow/dags/duration-prediction_dag_xgboost.py
[2025-06-05T18:31:28.738+0000] {processor.py:840} INFO - DAG(s) 'duration_prediction_training' retrieved from /opt/airflow/dags/duration-prediction_dag_xgboost.py
[2025-06-05T18:31:28.754+0000] {logging_mixin.py:188} INFO - [2025-06-05T18:31:28.754+0000] {dag.py:3047} INFO - Sync 1 DAGs
[2025-06-05T18:31:28.762+0000] {logging_mixin.py:188} INFO - [2025-06-05T18:31:28.762+0000] {dag.py:3834} INFO - Setting next_dagrun for duration_prediction_training to None, run_after=None
[2025-06-05T18:31:28.775+0000] {processor.py:183} INFO - Processing /opt/airflow/dags/duration-prediction_dag_xgboost.py took 0.915 seconds
[2025-06-05T18:31:58.911+0000] {processor.py:161} INFO - Started process (PID=435) to work on /opt/airflow/dags/duration-prediction_dag_xgboost.py
[2025-06-05T18:31:58.912+0000] {processor.py:830} INFO - Processing file /opt/airflow/dags/duration-prediction_dag_xgboost.py for tasks to queue
[2025-06-05T18:31:58.913+0000] {logging_mixin.py:188} INFO - [2025-06-05T18:31:58.912+0000] {dagbag.py:540} INFO - Filling up the DagBag from /opt/airflow/dags/duration-prediction_dag_xgboost.py
[2025-06-05T18:31:59.854+0000] {processor.py:840} INFO - DAG(s) 'duration_prediction_training' retrieved from /opt/airflow/dags/duration-prediction_dag_xgboost.py
[2025-06-05T18:31:59.866+0000] {logging_mixin.py:188} INFO - [2025-06-05T18:31:59.865+0000] {dag.py:3047} INFO - Sync 1 DAGs
[2025-06-05T18:31:59.877+0000] {logging_mixin.py:188} INFO - [2025-06-05T18:31:59.877+0000] {dag.py:3834} INFO - Setting next_dagrun for duration_prediction_training to None, run_after=None
[2025-06-05T18:31:59.894+0000] {processor.py:183} INFO - Processing /opt/airflow/dags/duration-prediction_dag_xgboost.py took 0.985 seconds
[2025-06-05T18:32:30.034+0000] {processor.py:161} INFO - Started process (PID=449) to work on /opt/airflow/dags/duration-prediction_dag_xgboost.py
[2025-06-05T18:32:30.035+0000] {processor.py:830} INFO - Processing file /opt/airflow/dags/duration-prediction_dag_xgboost.py for tasks to queue
[2025-06-05T18:32:30.036+0000] {logging_mixin.py:188} INFO - [2025-06-05T18:32:30.036+0000] {dagbag.py:540} INFO - Filling up the DagBag from /opt/airflow/dags/duration-prediction_dag_xgboost.py
[2025-06-05T18:32:30.930+0000] {processor.py:840} INFO - DAG(s) 'duration_prediction_training' retrieved from /opt/airflow/dags/duration-prediction_dag_xgboost.py
[2025-06-05T18:32:31.001+0000] {logging_mixin.py:188} INFO - [2025-06-05T18:32:31.001+0000] {dag.py:3047} INFO - Sync 1 DAGs
[2025-06-05T18:32:31.010+0000] {logging_mixin.py:188} INFO - [2025-06-05T18:32:31.009+0000] {dag.py:3834} INFO - Setting next_dagrun for duration_prediction_training to None, run_after=None
[2025-06-05T18:32:31.023+0000] {processor.py:183} INFO - Processing /opt/airflow/dags/duration-prediction_dag_xgboost.py took 0.992 seconds
[2025-06-05T18:33:01.072+0000] {processor.py:161} INFO - Started process (PID=463) to work on /opt/airflow/dags/duration-prediction_dag_xgboost.py
[2025-06-05T18:33:01.073+0000] {processor.py:830} INFO - Processing file /opt/airflow/dags/duration-prediction_dag_xgboost.py for tasks to queue
[2025-06-05T18:33:01.074+0000] {logging_mixin.py:188} INFO - [2025-06-05T18:33:01.073+0000] {dagbag.py:540} INFO - Filling up the DagBag from /opt/airflow/dags/duration-prediction_dag_xgboost.py
[2025-06-05T18:33:02.059+0000] {processor.py:840} INFO - DAG(s) 'duration_prediction_training' retrieved from /opt/airflow/dags/duration-prediction_dag_xgboost.py
[2025-06-05T18:33:02.076+0000] {logging_mixin.py:188} INFO - [2025-06-05T18:33:02.076+0000] {dag.py:3047} INFO - Sync 1 DAGs
[2025-06-05T18:33:02.084+0000] {logging_mixin.py:188} INFO - [2025-06-05T18:33:02.084+0000] {dag.py:3834} INFO - Setting next_dagrun for duration_prediction_training to None, run_after=None
[2025-06-05T18:33:02.096+0000] {processor.py:183} INFO - Processing /opt/airflow/dags/duration-prediction_dag_xgboost.py took 1.027 seconds
[2025-06-05T18:33:32.224+0000] {processor.py:161} INFO - Started process (PID=477) to work on /opt/airflow/dags/duration-prediction_dag_xgboost.py
[2025-06-05T18:33:32.225+0000] {processor.py:830} INFO - Processing file /opt/airflow/dags/duration-prediction_dag_xgboost.py for tasks to queue
[2025-06-05T18:33:32.225+0000] {logging_mixin.py:188} INFO - [2025-06-05T18:33:32.225+0000] {dagbag.py:540} INFO - Filling up the DagBag from /opt/airflow/dags/duration-prediction_dag_xgboost.py
[2025-06-05T18:33:33.088+0000] {processor.py:840} INFO - DAG(s) 'duration_prediction_training' retrieved from /opt/airflow/dags/duration-prediction_dag_xgboost.py
[2025-06-05T18:33:33.096+0000] {logging_mixin.py:188} INFO - [2025-06-05T18:33:33.096+0000] {dag.py:3047} INFO - Sync 1 DAGs
[2025-06-05T18:33:33.104+0000] {logging_mixin.py:188} INFO - [2025-06-05T18:33:33.104+0000] {dag.py:3834} INFO - Setting next_dagrun for duration_prediction_training to None, run_after=None
[2025-06-05T18:33:33.118+0000] {processor.py:183} INFO - Processing /opt/airflow/dags/duration-prediction_dag_xgboost.py took 0.896 seconds
[2025-06-05T18:34:03.205+0000] {processor.py:161} INFO - Started process (PID=491) to work on /opt/airflow/dags/duration-prediction_dag_xgboost.py
[2025-06-05T18:34:03.206+0000] {processor.py:830} INFO - Processing file /opt/airflow/dags/duration-prediction_dag_xgboost.py for tasks to queue
[2025-06-05T18:34:03.207+0000] {logging_mixin.py:188} INFO - [2025-06-05T18:34:03.207+0000] {dagbag.py:540} INFO - Filling up the DagBag from /opt/airflow/dags/duration-prediction_dag_xgboost.py
[2025-06-05T18:34:04.047+0000] {processor.py:840} INFO - DAG(s) 'duration_prediction_training' retrieved from /opt/airflow/dags/duration-prediction_dag_xgboost.py
[2025-06-05T18:34:04.185+0000] {logging_mixin.py:188} INFO - [2025-06-05T18:34:04.184+0000] {dag.py:3047} INFO - Sync 1 DAGs
[2025-06-05T18:34:04.205+0000] {logging_mixin.py:188} INFO - [2025-06-05T18:34:04.205+0000] {dag.py:3834} INFO - Setting next_dagrun for duration_prediction_training to None, run_after=None
[2025-06-05T18:34:04.226+0000] {processor.py:183} INFO - Processing /opt/airflow/dags/duration-prediction_dag_xgboost.py took 1.023 seconds
[2025-06-05T18:34:34.363+0000] {processor.py:161} INFO - Started process (PID=505) to work on /opt/airflow/dags/duration-prediction_dag_xgboost.py
[2025-06-05T18:34:34.363+0000] {processor.py:830} INFO - Processing file /opt/airflow/dags/duration-prediction_dag_xgboost.py for tasks to queue
[2025-06-05T18:34:34.364+0000] {logging_mixin.py:188} INFO - [2025-06-05T18:34:34.364+0000] {dagbag.py:540} INFO - Filling up the DagBag from /opt/airflow/dags/duration-prediction_dag_xgboost.py
[2025-06-05T18:34:35.160+0000] {processor.py:840} INFO - DAG(s) 'duration_prediction_training' retrieved from /opt/airflow/dags/duration-prediction_dag_xgboost.py
[2025-06-05T18:34:35.176+0000] {logging_mixin.py:188} INFO - [2025-06-05T18:34:35.176+0000] {dag.py:3047} INFO - Sync 1 DAGs
[2025-06-05T18:34:35.188+0000] {logging_mixin.py:188} INFO - [2025-06-05T18:34:35.187+0000] {dag.py:3834} INFO - Setting next_dagrun for duration_prediction_training to None, run_after=None
[2025-06-05T18:34:35.200+0000] {processor.py:183} INFO - Processing /opt/airflow/dags/duration-prediction_dag_xgboost.py took 0.840 seconds
[2025-06-05T18:35:05.505+0000] {processor.py:161} INFO - Started process (PID=519) to work on /opt/airflow/dags/duration-prediction_dag_xgboost.py
[2025-06-05T18:35:05.506+0000] {processor.py:830} INFO - Processing file /opt/airflow/dags/duration-prediction_dag_xgboost.py for tasks to queue
[2025-06-05T18:35:05.507+0000] {logging_mixin.py:188} INFO - [2025-06-05T18:35:05.506+0000] {dagbag.py:540} INFO - Filling up the DagBag from /opt/airflow/dags/duration-prediction_dag_xgboost.py
[2025-06-05T18:35:06.353+0000] {processor.py:840} INFO - DAG(s) 'duration_prediction_training' retrieved from /opt/airflow/dags/duration-prediction_dag_xgboost.py
[2025-06-05T18:35:06.362+0000] {logging_mixin.py:188} INFO - [2025-06-05T18:35:06.361+0000] {dag.py:3047} INFO - Sync 1 DAGs
[2025-06-05T18:35:06.372+0000] {logging_mixin.py:188} INFO - [2025-06-05T18:35:06.372+0000] {dag.py:3834} INFO - Setting next_dagrun for duration_prediction_training to None, run_after=None
[2025-06-05T18:35:06.387+0000] {processor.py:183} INFO - Processing /opt/airflow/dags/duration-prediction_dag_xgboost.py took 0.884 seconds
[2025-06-05T18:35:36.513+0000] {processor.py:161} INFO - Started process (PID=533) to work on /opt/airflow/dags/duration-prediction_dag_xgboost.py
[2025-06-05T18:35:36.514+0000] {processor.py:830} INFO - Processing file /opt/airflow/dags/duration-prediction_dag_xgboost.py for tasks to queue
[2025-06-05T18:35:36.515+0000] {logging_mixin.py:188} INFO - [2025-06-05T18:35:36.515+0000] {dagbag.py:540} INFO - Filling up the DagBag from /opt/airflow/dags/duration-prediction_dag_xgboost.py
[2025-06-05T18:35:37.452+0000] {processor.py:840} INFO - DAG(s) 'duration_prediction_training' retrieved from /opt/airflow/dags/duration-prediction_dag_xgboost.py
[2025-06-05T18:35:37.526+0000] {logging_mixin.py:188} INFO - [2025-06-05T18:35:37.526+0000] {dag.py:3047} INFO - Sync 1 DAGs
[2025-06-05T18:35:37.535+0000] {logging_mixin.py:188} INFO - [2025-06-05T18:35:37.534+0000] {dag.py:3834} INFO - Setting next_dagrun for duration_prediction_training to None, run_after=None
[2025-06-05T18:35:37.548+0000] {processor.py:183} INFO - Processing /opt/airflow/dags/duration-prediction_dag_xgboost.py took 1.037 seconds
[2025-06-05T18:36:07.662+0000] {processor.py:161} INFO - Started process (PID=547) to work on /opt/airflow/dags/duration-prediction_dag_xgboost.py
[2025-06-05T18:36:07.663+0000] {processor.py:830} INFO - Processing file /opt/airflow/dags/duration-prediction_dag_xgboost.py for tasks to queue
[2025-06-05T18:36:07.663+0000] {logging_mixin.py:188} INFO - [2025-06-05T18:36:07.663+0000] {dagbag.py:540} INFO - Filling up the DagBag from /opt/airflow/dags/duration-prediction_dag_xgboost.py
[2025-06-05T18:36:08.479+0000] {processor.py:840} INFO - DAG(s) 'duration_prediction_training' retrieved from /opt/airflow/dags/duration-prediction_dag_xgboost.py
[2025-06-05T18:36:08.496+0000] {logging_mixin.py:188} INFO - [2025-06-05T18:36:08.496+0000] {dag.py:3047} INFO - Sync 1 DAGs
[2025-06-05T18:36:08.504+0000] {logging_mixin.py:188} INFO - [2025-06-05T18:36:08.504+0000] {dag.py:3834} INFO - Setting next_dagrun for duration_prediction_training to None, run_after=None
[2025-06-05T18:36:08.516+0000] {processor.py:183} INFO - Processing /opt/airflow/dags/duration-prediction_dag_xgboost.py took 0.857 seconds
[2025-06-05T18:36:38.634+0000] {processor.py:161} INFO - Started process (PID=561) to work on /opt/airflow/dags/duration-prediction_dag_xgboost.py
[2025-06-05T18:36:38.635+0000] {processor.py:830} INFO - Processing file /opt/airflow/dags/duration-prediction_dag_xgboost.py for tasks to queue
[2025-06-05T18:36:38.636+0000] {logging_mixin.py:188} INFO - [2025-06-05T18:36:38.635+0000] {dagbag.py:540} INFO - Filling up the DagBag from /opt/airflow/dags/duration-prediction_dag_xgboost.py
[2025-06-05T18:36:39.484+0000] {processor.py:840} INFO - DAG(s) 'duration_prediction_training' retrieved from /opt/airflow/dags/duration-prediction_dag_xgboost.py
[2025-06-05T18:36:39.493+0000] {logging_mixin.py:188} INFO - [2025-06-05T18:36:39.493+0000] {dag.py:3047} INFO - Sync 1 DAGs
[2025-06-05T18:36:39.501+0000] {logging_mixin.py:188} INFO - [2025-06-05T18:36:39.501+0000] {dag.py:3834} INFO - Setting next_dagrun for duration_prediction_training to None, run_after=None
[2025-06-05T18:36:39.514+0000] {processor.py:183} INFO - Processing /opt/airflow/dags/duration-prediction_dag_xgboost.py took 0.882 seconds
[2025-06-05T18:37:09.602+0000] {processor.py:161} INFO - Started process (PID=575) to work on /opt/airflow/dags/duration-prediction_dag_xgboost.py
[2025-06-05T18:37:09.602+0000] {processor.py:830} INFO - Processing file /opt/airflow/dags/duration-prediction_dag_xgboost.py for tasks to queue
[2025-06-05T18:37:09.603+0000] {logging_mixin.py:188} INFO - [2025-06-05T18:37:09.603+0000] {dagbag.py:540} INFO - Filling up the DagBag from /opt/airflow/dags/duration-prediction_dag_xgboost.py
[2025-06-05T18:37:10.421+0000] {processor.py:840} INFO - DAG(s) 'duration_prediction_training' retrieved from /opt/airflow/dags/duration-prediction_dag_xgboost.py
[2025-06-05T18:37:10.499+0000] {logging_mixin.py:188} INFO - [2025-06-05T18:37:10.499+0000] {dag.py:3047} INFO - Sync 1 DAGs
[2025-06-05T18:37:10.509+0000] {logging_mixin.py:188} INFO - [2025-06-05T18:37:10.509+0000] {dag.py:3834} INFO - Setting next_dagrun for duration_prediction_training to None, run_after=None
[2025-06-05T18:37:10.524+0000] {processor.py:183} INFO - Processing /opt/airflow/dags/duration-prediction_dag_xgboost.py took 0.924 seconds
[2025-06-05T18:37:40.645+0000] {processor.py:161} INFO - Started process (PID=589) to work on /opt/airflow/dags/duration-prediction_dag_xgboost.py
[2025-06-05T18:37:40.646+0000] {processor.py:830} INFO - Processing file /opt/airflow/dags/duration-prediction_dag_xgboost.py for tasks to queue
[2025-06-05T18:37:40.647+0000] {logging_mixin.py:188} INFO - [2025-06-05T18:37:40.646+0000] {dagbag.py:540} INFO - Filling up the DagBag from /opt/airflow/dags/duration-prediction_dag_xgboost.py
[2025-06-05T18:37:41.468+0000] {processor.py:840} INFO - DAG(s) 'duration_prediction_training' retrieved from /opt/airflow/dags/duration-prediction_dag_xgboost.py
[2025-06-05T18:37:41.484+0000] {logging_mixin.py:188} INFO - [2025-06-05T18:37:41.483+0000] {dag.py:3047} INFO - Sync 1 DAGs
[2025-06-05T18:37:41.491+0000] {logging_mixin.py:188} INFO - [2025-06-05T18:37:41.491+0000] {dag.py:3834} INFO - Setting next_dagrun for duration_prediction_training to None, run_after=None
[2025-06-05T18:37:41.504+0000] {processor.py:183} INFO - Processing /opt/airflow/dags/duration-prediction_dag_xgboost.py took 0.862 seconds
[2025-06-05T18:38:11.850+0000] {processor.py:161} INFO - Started process (PID=603) to work on /opt/airflow/dags/duration-prediction_dag_xgboost.py
[2025-06-05T18:38:11.851+0000] {processor.py:830} INFO - Processing file /opt/airflow/dags/duration-prediction_dag_xgboost.py for tasks to queue
[2025-06-05T18:38:11.852+0000] {logging_mixin.py:188} INFO - [2025-06-05T18:38:11.851+0000] {dagbag.py:540} INFO - Filling up the DagBag from /opt/airflow/dags/duration-prediction_dag_xgboost.py
[2025-06-05T18:38:12.777+0000] {processor.py:840} INFO - DAG(s) 'duration_prediction_training' retrieved from /opt/airflow/dags/duration-prediction_dag_xgboost.py
[2025-06-05T18:38:12.787+0000] {logging_mixin.py:188} INFO - [2025-06-05T18:38:12.787+0000] {dag.py:3047} INFO - Sync 1 DAGs
[2025-06-05T18:38:12.800+0000] {logging_mixin.py:188} INFO - [2025-06-05T18:38:12.800+0000] {dag.py:3834} INFO - Setting next_dagrun for duration_prediction_training to None, run_after=None
[2025-06-05T18:38:12.821+0000] {processor.py:183} INFO - Processing /opt/airflow/dags/duration-prediction_dag_xgboost.py took 0.974 seconds
[2025-06-05T18:38:42.984+0000] {processor.py:161} INFO - Started process (PID=617) to work on /opt/airflow/dags/duration-prediction_dag_xgboost.py
[2025-06-05T18:38:42.985+0000] {processor.py:830} INFO - Processing file /opt/airflow/dags/duration-prediction_dag_xgboost.py for tasks to queue
[2025-06-05T18:38:42.986+0000] {logging_mixin.py:188} INFO - [2025-06-05T18:38:42.986+0000] {dagbag.py:540} INFO - Filling up the DagBag from /opt/airflow/dags/duration-prediction_dag_xgboost.py
[2025-06-05T18:38:43.865+0000] {processor.py:840} INFO - DAG(s) 'duration_prediction_training' retrieved from /opt/airflow/dags/duration-prediction_dag_xgboost.py
[2025-06-05T18:38:43.941+0000] {logging_mixin.py:188} INFO - [2025-06-05T18:38:43.941+0000] {dag.py:3047} INFO - Sync 1 DAGs
[2025-06-05T18:38:43.951+0000] {logging_mixin.py:188} INFO - [2025-06-05T18:38:43.951+0000] {dag.py:3834} INFO - Setting next_dagrun for duration_prediction_training to None, run_after=None
[2025-06-05T18:38:43.964+0000] {processor.py:183} INFO - Processing /opt/airflow/dags/duration-prediction_dag_xgboost.py took 0.982 seconds
